c:\users\w9402\dropbox\projects\visualstudioproject\serialport\x64\release\serialport.pch
c:\users\w9402\dropbox\projects\visualstudioproject\serialport\x64\release\vc143.pdb
c:\users\w9402\dropbox\projects\visualstudioproject\serialport\x64\release\pch.obj
c:\users\w9402\dropbox\projects\visualstudioproject\serialport\x64\release\serialport.obj
c:\users\w9402\dropbox\projects\visualstudioproject\serialport\x64\release\previouscode.obj
c:\users\w9402\dropbox\projects\visualstudioproject\serialport\x64\release\commanager.obj
c:\users\w9402\dropbox\projects\visualstudioproject\serialport\x64\release\dllmain.obj
c:\users\w9402\dropbox\projects\visualstudioproject\serialport\x64\release\daqcom.obj
c:\users\w9402\dropbox\projects\visualstudioproject\serialport\x64\release\ini.obj
c:\users\w9402\dropbox\projects\visualstudioproject\serialport\x64\release\connectionmanager.obj
c:\users\w9402\dropbox\projects\visualstudioproject\serialport\x64\release\threadmanager.obj
c:\users\w9402\dropbox\projects\visualstudioproject\serialport\x64\release\portscanner.obj
c:\users\w9402\dropbox\projects\visualstudioproject\serialport\x64\release\btclassicmanager.obj
c:\users\w9402\dropbox\projects\visualstudioproject\serialport\x64\release\blemanager.obj
c:\users\w9402\dropbox\projects\visualstudioproject\serialport\x64\release\appini.obj
c:\users\w9402\dropbox\projects\visualstudioproject\serialport\x64\release\serialport.lib
c:\users\w9402\dropbox\projects\visualstudioproject\serialport\x64\release\serialport.exp
c:\users\w9402\dropbox\projects\visualstudioproject\serialport\x64\release\serialport.ipdb
c:\users\w9402\dropbox\projects\visualstudioproject\serialport\x64\release\serialport.iobj
c:\users\w9402\dropbox\projects\visualstudioproject\serialport\x64\release\serialport.dll
c:\users\w9402\dropbox\projects\visualstudioproject\serialport\x64\release\serialport.pdb
c:\users\w9402\dropbox\projects\visualstudioproject\serialport\x64\release\serialport.vcxproj.cppwinrt_comp.rsp
c:\users\w9402\dropbox\projects\visualstudioproject\serialport\x64\release\serialport.vcxproj.cppwinrt_plat.rsp
c:\users\w9402\dropbox\projects\visualstudioproject\serialport\x64\release\serialport.vcxproj.mdmerge.rsp
c:\users\w9402\dropbox\projects\visualstudioproject\serialport\x64\release\serialport.vcxproj.midlrt.rsp
c:\users\w9402\dropbox\projects\visualstudioproject\serialport\x64\release\serialport.tlog\cl.command.1.tlog
c:\users\w9402\dropbox\projects\visualstudioproject\serialport\x64\release\serialport.tlog\cl.items.tlog
c:\users\w9402\dropbox\projects\visualstudioproject\serialport\x64\release\serialport.tlog\cl.read.1.tlog
c:\users\w9402\dropbox\projects\visualstudioproject\serialport\x64\release\serialport.tlog\cl.write.1.tlog
c:\users\w9402\dropbox\projects\visualstudioproject\serialport\x64\release\serialport.tlog\link.command.1.tlog
c:\users\w9402\dropbox\projects\visualstudioproject\serialport\x64\release\serialport.tlog\link.read.1.tlog
c:\users\w9402\dropbox\projects\visualstudioproject\serialport\x64\release\serialport.tlog\link.write.1.tlog
c:\users\w9402\dropbox\projects\visualstudioproject\serialport\x64\release\serialport.tlog\link.write.2u.tlog
