  ConnectionManager.cpp
  BLEManager.cpp
  BTClassicManager.cpp
  COMManager.cpp
  DAQCom.cpp
C:\Program Files\Microsoft Visual Studio\2022\Community\VC\Tools\MSVC\14.37.32822\include\xstring(2728,53): warning C4244: '인수': 'wchar_t'에서 'const _Elem'(으)로 변환하면서 데이터가 손실될 수 있습니다.
          with
          [
              _Elem=char
          ]
C:\Program Files\Microsoft Visual Studio\2022\Community\VC\Tools\MSVC\14.37.32822\include\xstring(2584,17): message : 컴파일되는 함수 템플릿 인스턴스화 'void std::basic_string<char,std::char_traits<char>,std::allocator<char>>::_Construct_from_iter<wchar_t*,wchar_t*,_Size_type>(_Iter,const _Sent,_Size)'에 대한 참조를 확인하세요.
          with
          [
              _Size_type=unsigned __int64,
              _Iter=wchar_t *,
              _Sent=wchar_t *,
              _Size=unsigned __int64
          ]
C:\Users\오세천\Desktop\GitHub\SerialPlugin\.SourceCode\SerialPort\Ports\DAQCom.cpp(107,20): message : 컴파일되는 함수 템플릿 인스턴스화 'std::basic_string<char,std::char_traits<char>,std::allocator<char>>::basic_string<std::_String_iterator<std::_String_val<std::_Simple_types<_Elem>>>,0>(_Iter,_Iter,const _Alloc &)'에 대한 참조를 확인하세요.
          with
          [
              _Elem=wchar_t,
              _Iter=std::_String_iterator<std::_String_val<std::_Simple_types<wchar_t>>>,
              _Alloc=std::allocator<char>
          ]
C:\Users\오세천\Desktop\GitHub\SerialPlugin\.SourceCode\SerialPort\Ports\DAQCom.cpp(107,2): message : 'CDAQCom::GetPortStr'에서 'std::basic_string<char,std::char_traits<char>,std::allocator<char>>::basic_string'에 대한 첫 번째 참조를 확인하세요.
  dllmain.cpp
  OutputLayer.cpp
C:\Users\오세천\Desktop\GitHub\SerialPlugin\.SourceCode\SerialPort\OutputLayers\OutputLayer.cpp(87,19): warning C4267: '초기화 중': 'size_t'에서 'int'(으)로 변환하면서 데이터가 손실될 수 있습니다.
C:\Users\오세천\Desktop\GitHub\SerialPlugin\.SourceCode\SerialPort\OutputLayers\OutputLayer.cpp(92,27): warning C4267: '인수': 'size_t'에서 'int'(으)로 변환하면서 데이터가 손실될 수 있습니다.
C:\Users\오세천\Desktop\GitHub\SerialPlugin\.SourceCode\SerialPort\OutputLayers\OutputLayer.cpp(98,37): warning C4267: '인수': 'size_t'에서 'int'(으)로 변환하면서 데이터가 손실될 수 있습니다.
C:\Users\오세천\Desktop\GitHub\SerialPlugin\.SourceCode\SerialPort\OutputLayers\OutputLayer.cpp(105,28): warning C4267: '초기화 중': 'size_t'에서 'int'(으)로 변환하면서 데이터가 손실될 수 있습니다.
  PortScanner.cpp
  SockCommon.cpp
  TCPServer.cpp
C:\Users\오세천\Desktop\GitHub\SerialPlugin\.SourceCode\SerialPort\Ports\TCPServer.cpp(130,13): warning C4244: '초기화 중': 'SOCKET'에서 'int'(으)로 변환하면서 데이터가 손실될 수 있습니다.
  TCPServer.h
  PreviousCode.cpp
  ThreadManager.h
  StructManager.cpp
C:\Users\오세천\Desktop\GitHub\SerialPlugin\.SourceCode\SerialPort\StructManager.cpp(108,26): warning C4267: '초기화 중': 'size_t'에서 'int'(으)로 변환하면서 데이터가 손실될 수 있습니다.
x64\Release\TCPServer.obj : warning LNK4042: 개체가 두 번 이상 지정되었습니다. 나머지는 무시됩니다.
     C:\Users\오세천\Desktop\GitHub\SerialPlugin\.SourceCode\SerialPort\x64\Release\SerialPort.lib 라이브러리 및 C:\Users\오세천\Desktop\GitHub\SerialPlugin\.SourceCode\SerialPort\x64\Release\SerialPort.exp 개체를 생성하고 있습니다.
  코드를 생성하고 있습니다.
  Previous IPDB not found, fall back to full compilation.
C:\Users\오세천\Desktop\GitHub\SerialPlugin\.SourceCode\SerialPort\PortScanner.cpp(329): warning C4715: 'PortScanner::CheckDeviceName': 모든 제어 경로에서 값을 반환하지는 않습니다.
  All 1914 functions were compiled because no usable IPDB/IOBJ from previous compilation was found.
  코드를 생성했습니다.
  SerialPort.vcxproj -> C:\Users\오세천\Desktop\GitHub\SerialPlugin\.SourceCode\SerialPort\x64\Release\SerialPort.dll
