c:\users\w9402\dropbox\projects\visualstudioproject\serialport\x64\debug\serialport.pch
c:\users\w9402\dropbox\projects\visualstudioproject\serialport\x64\debug\vc143.pdb
c:\users\w9402\dropbox\projects\visualstudioproject\serialport\x64\debug\vc143.idb
c:\users\w9402\dropbox\projects\visualstudioproject\serialport\x64\debug\pch.obj
c:\users\w9402\dropbox\projects\visualstudioproject\serialport\x64\debug\serialport.obj
c:\users\w9402\dropbox\projects\visualstudioproject\serialport\x64\debug\previouscode.obj
c:\users\w9402\dropbox\projects\visualstudioproject\serialport\x64\debug\serialcom.obj
c:\users\w9402\dropbox\projects\visualstudioproject\serialport\x64\debug\dllmain.obj
c:\users\w9402\dropbox\projects\visualstudioproject\serialport\x64\debug\daqcom.obj
c:\users\w9402\dropbox\projects\visualstudioproject\serialport\x64\debug\ini.obj
c:\users\w9402\dropbox\projects\visualstudioproject\serialport\x64\debug\threadmanager.obj
c:\users\w9402\dropbox\projects\visualstudioproject\serialport\x64\debug\portmanager.obj
c:\users\w9402\dropbox\projects\visualstudioproject\serialport\x64\debug\lockblock.obj
c:\users\w9402\dropbox\projects\visualstudioproject\serialport\x64\debug\commanager.obj
c:\users\w9402\dropbox\projects\visualstudioproject\serialport\x64\debug\btclassicmanager.obj
c:\users\w9402\dropbox\projects\visualstudioproject\serialport\x64\debug\appini.obj
c:\users\w9402\dropbox\projects\visualstudioproject\serialport\x64\debug\blemanager.obj
c:\users\w9402\dropbox\projects\visualstudioproject\serialport\x64\debug\serialport.lib
c:\users\w9402\dropbox\projects\visualstudioproject\serialport\x64\debug\serialport.exp
c:\users\w9402\dropbox\projects\visualstudioproject\serialport\x64\debug\serialport.dll
c:\users\w9402\dropbox\projects\visualstudioproject\serialport\x64\debug\serialport.ilk
c:\users\w9402\dropbox\projects\visualstudioproject\serialport\x64\debug\serialport.pdb
c:\users\w9402\dropbox\projects\visualstudioproject\serialport\x64\debug\serialport.vcxproj.cppwinrt_comp.rsp
c:\users\w9402\dropbox\projects\visualstudioproject\serialport\x64\debug\serialport.vcxproj.cppwinrt_plat.rsp
c:\users\w9402\dropbox\projects\visualstudioproject\serialport\x64\debug\serialport.vcxproj.mdmerge.rsp
c:\users\w9402\dropbox\projects\visualstudioproject\serialport\x64\debug\serialport.vcxproj.midlrt.rsp
c:\users\w9402\dropbox\projects\visualstudioproject\serialport\x64\debug\serialport.tlog\cl.command.1.tlog
c:\users\w9402\dropbox\projects\visualstudioproject\serialport\x64\debug\serialport.tlog\cl.items.tlog
c:\users\w9402\dropbox\projects\visualstudioproject\serialport\x64\debug\serialport.tlog\cl.read.1.tlog
c:\users\w9402\dropbox\projects\visualstudioproject\serialport\x64\debug\serialport.tlog\cl.write.1.tlog
c:\users\w9402\dropbox\projects\visualstudioproject\serialport\x64\debug\serialport.tlog\link.command.1.tlog
c:\users\w9402\dropbox\projects\visualstudioproject\serialport\x64\debug\serialport.tlog\link.read.1.tlog
c:\users\w9402\dropbox\projects\visualstudioproject\serialport\x64\debug\serialport.tlog\link.write.1.tlog
c:\users\w9402\dropbox\projects\visualstudioproject\serialport\x64\debug\serialport.tlog\link.write.2u.tlog
